<?xml version="1.0" encoding="UTF-8"?>
<testsuite xmlns:xsi="http://www.w3.org/2001/XMLSchema-instance" xsi:noNamespaceSchemaLocation="https://maven.apache.org/surefire/maven-surefire-plugin/xsd/surefire-test-report.xsd" name="org.springframework.samples.petclinic.system.CrashControllerTests" time="0.001" tests="1" errors="0" skipped="1" failures="0">
  <properties>
[...]
</properties>
  <testcase name="org.springframework.samples.petclinic.system.CrashControllerTests" classname="org.springframework.samples.petclinic.system.CrashControllerTests" time="0">
    <skipped message="class org.springframework.samples.petclinic.system.CrashControllerTests is @Disabled"/>
  </testcase>
</testsuite>